Analysis initiated from SIMULIA established products
Abaqus JOB inc-15-01
Abaqus 2020
Abaqus License Manager checked out the following licenses:
Abaqus/Standard checked out 5 tokens from Flexnet server licsrv.
<293 out of 425 licenses remain available>.
Begin Analysis Input File Processor
11/25/2023 2:53:23 PM
Run pre.exe
11/25/2023 2:53:26 PM
End Analysis Input File Processor
Begin Abaqus/Standard Analysis
11/25/2023 2:53:27 PM
Run standard.exe
11/25/2023 2:53:31 PM
End Abaqus/Standard Analysis
Begin SIM Wrap-up
11/25/2023 2:53:33 PM
Run SMASimUtility.exe
!!! EXCEPTION:
!!!   System Error CreateHardLink: The parameter is incorrect.

!!! TRACEBACK:
!!!   SMASimExcSystemError::Propagate
!!!   SMASimUttFileUtils::LinkIfUnique
!!!   SMASimFileCleaner::MoveOne
!!!   SMASimFileCleaner::Consolidate
!!!   SMASimFileCleaner::WrapAll
!!!   <stack frame not available>
!!!   <stack frame not available>
!!!   <stack frame not available>
!!!   <stack frame not available>
!!!   <stack frame not available>
!!!   <stack frame not available>
!!!
!!! SIM wrap utility command error:
!!!   System Error CreateHardLink: The parameter is incorrect.

!!!
11/25/2023 2:53:33 PM
driverExceptions.AbaqusExecutionError: ('SIM Wrap-up', 1)
