NOTE: Temporary directory C:\Users\MARTIN~1\AppData\Local\Temp\martinpletz_inc-04-01_1580 exists.  This indicates the directory was not cleaned from a previous run.
Analysis initiated from SIMULIA established products
Abaqus JOB inc-04-01
Abaqus 2020
Abaqus License Manager checked out the following licenses:
Abaqus/Standard checked out 5 tokens from Flexnet server licsrv.
<280 out of 425 licenses remain available>.
Begin Analysis Input File Processor
11/25/2023 10:13:56 AM
Run pre.exe
11/25/2023 10:14:00 AM
End Analysis Input File Processor
Begin Abaqus/Standard Analysis
11/25/2023 10:14:00 AM
Run standard.exe
11/25/2023 10:14:04 AM
End Abaqus/Standard Analysis
Begin SIM Wrap-up
11/25/2023 10:14:05 AM
Run SMASimUtility.exe
!!! EXCEPTION:
!!!   System Error CreateHardLink: The parameter is incorrect.

!!! TRACEBACK:
!!!   SMASimExcSystemError::Propagate
!!!   SMASimUttFileUtils::LinkIfUnique
!!!   SMASimFileCleaner::MoveOne
!!!   SMASimFileCleaner::Consolidate
!!!   SMASimFileCleaner::WrapAll
!!!   <stack frame not available>
!!!   <stack frame not available>
!!!   <stack frame not available>
!!!   <stack frame not available>
!!!   <stack frame not available>
!!!   <stack frame not available>
!!!
!!! SIM wrap utility command error:
!!!   System Error CreateHardLink: The parameter is incorrect.

!!!
11/25/2023 10:14:05 AM
driverExceptions.AbaqusExecutionError: ('SIM Wrap-up', 1)
