Analysis initiated from SIMULIA established products
Abaqus JOB inc-07-01
Abaqus 2020
Abaqus License Manager checked out the following licenses:
Abaqus/Standard checked out 5 tokens from Flexnet server licsrv.
<288 out of 425 licenses remain available>.
Begin Analysis Input File Processor
11/25/2023 9:48:50 AM
Run pre.exe
11/25/2023 9:48:54 AM
End Analysis Input File Processor
Begin Abaqus/Standard Analysis
11/25/2023 9:48:54 AM
Run standard.exe
11/25/2023 9:48:58 AM
End Abaqus/Standard Analysis
Begin SIM Wrap-up
11/25/2023 9:48:58 AM
Run SMASimUtility.exe
!!! EXCEPTION:
!!!   System Error CreateHardLink: The parameter is incorrect.

!!! TRACEBACK:
!!!   SMASimExcSystemError::Propagate
!!!   SMASimUttFileUtils::LinkIfUnique
!!!   SMASimFileCleaner::MoveOne
!!!   SMASimFileCleaner::Consolidate
!!!   SMASimFileCleaner::WrapAll
!!!   <stack frame not available>
!!!   <stack frame not available>
!!!   <stack frame not available>
!!!   <stack frame not available>
!!!   <stack frame not available>
!!!   <stack frame not available>
!!!
!!! SIM wrap utility command error:
!!!   System Error CreateHardLink: The parameter is incorrect.

!!!
11/25/2023 9:48:59 AM
driverExceptions.AbaqusExecutionError: ('SIM Wrap-up', 1)
